TN:
SF:src\providers\EmailProviderA.ts
FN:5,(anonymous_7)
FN:9,(anonymous_8)
FN:19,(anonymous_10)
FN:20,(anonymous_11)
FNF:4
FNH:4
FNDA:6,(anonymous_7)
FNDA:2,(anonymous_8)
FNDA:1,(anonymous_10)
FNDA:1,(anonymous_11)
DA:5,1
DA:6,1
DA:7,6
DA:10,2
DA:13,2
DA:14,1
DA:17,1
DA:19,1
DA:20,1
DA:22,1
DA:23,0
DA:25,1
DA:26,1
LF:13
LH:12
BRDA:13,0,0,1
BRDA:13,1,0,2
BRDA:13,1,1,1
BRDA:22,2,0,0
BRDA:22,2,1,1
BRDA:22,3,0,1
BRDA:22,3,1,1
BRDA:22,3,2,1
BRF:8
BRH:7
end_of_record
TN:
SF:src\providers\EmailProviderB.ts
FN:5,(anonymous_7)
FN:11,(anonymous_8)
FN:18,(anonymous_10)
FN:19,(anonymous_11)
FNF:4
FNH:1
FNDA:9,(anonymous_7)
FNDA:0,(anonymous_8)
FNDA:0,(anonymous_10)
FNDA:0,(anonymous_11)
DA:5,1
DA:7,1
DA:9,9
DA:12,0
DA:13,0
DA:14,0
DA:16,0
DA:18,0
DA:19,0
DA:20,0
DA:21,0
DA:23,0
DA:24,0
LF:13
LH:3
BRDA:13,0,0,0
BRDA:13,1,0,0
BRDA:13,1,1,0
BRDA:20,2,0,0
BRDA:20,2,1,0
BRDA:20,3,0,0
BRDA:20,3,1,0
BRDA:20,3,2,0
BRF:8
BRH:0
end_of_record
TN:
SF:src\utils\rateLimiter.ts
FN:1,(anonymous_0)
FN:10,(anonymous_1)
FNF:2
FNH:2
FNDA:4,(anonymous_0)
FNDA:1,(anonymous_1)
DA:1,1
DA:2,4
DA:3,4
DA:11,1
DA:12,1
DA:15,1
DA:16,0
DA:20,1
DA:21,1
LF:9
LH:8
BRDA:15,0,0,0
BRDA:15,1,0,1
BRDA:15,1,1,0
BRF:3
BRH:1
end_of_record
